<?xml version="1.0" encoding="UTF-8"?>
<!-- Generated by org.testng.reporters.JUnitReportReporter -->
<testsuite skipped="0" hostname="WL304109" name="bvcn.Sumvalidation" tests="1" failures="0" timestamp="2022-02-23T18:07:44 IST" time="6.459" errors="0">
  <testcase name="sumofcourses" time="6.459" classname="bvcn.Sumvalidation"/>
  <system-out/>
</testsuite> <!-- bvcn.Sumvalidation -->
