<?xml version="1.0" encoding="UTF-8"?>
<!-- Generated by org.testng.reporters.JUnitReportReporter -->
<testsuite skipped="0" hostname="WL304109" name="bvcn.addlib2" tests="1" failures="0" timestamp="2022-02-24T18:16:21 IST" time="13.470" errors="0">
  <testcase name="Addbook" time="13.470" classname="bvcn.addlib2"/>
  <system-out/>
</testsuite> <!-- bvcn.addlib2 -->
