<?xml version="1.0" encoding="UTF-8"?>
<!-- Generated by org.testng.reporters.JUnitReportReporter -->
<testsuite skipped="0" hostname="WL304109" name="bvcn.addlib" tests="4" failures="0" timestamp="2022-02-24T18:24:05 IST" time="6.107" errors="0">
  <testcase name="Addbook" time="1.291" classname="bvcn.addlib"/>
  <system-out/>
  <testcase name="Addbook" time="1.277" classname="bvcn.addlib"/>
  <system-out/>
  <testcase name="Addbook" time="0.993" classname="bvcn.addlib"/>
  <system-out/>
  <testcase name="Addbook" time="2.546" classname="bvcn.addlib"/>
  <system-out/>
</testsuite> <!-- bvcn.addlib -->
